CRITICAL - 2023-01-24 08:23:20 --> Undefined variable $members
in APPPATH/Controllers/Home.php on line 15.
 1 APPPATH/Controllers/Home.php(15): CodeIgniter\Debug\Exceptions->errorHandler(2, 'Undefined variable $members', 'APPPATH/Controllers/Home.php', 15)
 2 SYSTEMPATH/CodeIgniter.php(934): App\Controllers\Home->index()
 3 SYSTEMPATH/CodeIgniter.php(499): CodeIgniter\CodeIgniter->runController(Object(App\Controllers\Home))
 4 SYSTEMPATH/CodeIgniter.php(368): CodeIgniter\CodeIgniter->handleRequest(null, Object(Config\Cache), false)
 5 FCPATH/index.php(67): CodeIgniter\CodeIgniter->run()
ERROR - 2023-01-24 09:52:14 --> mysqli_sql_exception: Not unique table/alias: 'm' in /Applications/MAMP/htdocs/jitendra/system/Database/MySQLi/Connection.php:295
Stack trace:
#0 /Applications/MAMP/htdocs/jitendra/system/Database/MySQLi/Connection.php(295): mysqli->query('SELECT *\nFROM (...', 0)
#1 /Applications/MAMP/htdocs/jitendra/system/Database/BaseConnection.php(691): CodeIgniter\Database\MySQLi\Connection->execute('SELECT *\nFROM (...')
#2 /Applications/MAMP/htdocs/jitendra/system/Database/BaseConnection.php(605): CodeIgniter\Database\BaseConnection->simpleQuery('SELECT *\nFROM (...')
#3 /Applications/MAMP/htdocs/jitendra/system/Database/BaseBuilder.php(1602): CodeIgniter\Database\BaseConnection->query('SELECT *\nFROM (...', Array, false)
#4 /Applications/MAMP/htdocs/jitendra/system/Model.php(240): CodeIgniter\Database\BaseBuilder->get()
#5 /Applications/MAMP/htdocs/jitendra/system/BaseModel.php(618): CodeIgniter\Model->doFindAll(0, 0)
#6 /Applications/MAMP/htdocs/jitendra/app/Models/ParentsModel.php(50): CodeIgniter\BaseModel->findAll()
#7 /Applications/MAMP/htdocs/jitendra/app/Controllers/Home.php(41): App\Models\ParentsModel->get_members()
#8 /Applications/MAMP/htdocs/jitendra/system/CodeIgniter.php(934): App\Controllers\Home->get_data()
#9 /Applications/MAMP/htdocs/jitendra/system/CodeIgniter.php(499): CodeIgniter\CodeIgniter->runController(Object(App\Controllers\Home))
#10 /Applications/MAMP/htdocs/jitendra/system/CodeIgniter.php(368): CodeIgniter\CodeIgniter->handleRequest(NULL, Object(Config\Cache), false)
#11 /Applications/MAMP/htdocs/jitendra/index.php(67): CodeIgniter\CodeIgniter->run()
#12 {main}
CRITICAL - 2023-01-24 09:52:14 --> Not unique table/alias: 'm'
in SYSTEMPATH/Database/BaseConnection.php on line 645.
 1 SYSTEMPATH/Database/BaseBuilder.php(1602): CodeIgniter\Database\BaseConnection->query('SELECT *
FROM (`parents`, `parents` as `p`)
JOIN `members` as `m` ON `m`.`parent_id` = `p`.`parent_id`
LEFT JOIN `members` as `m` ON `m`.`parent_id` = `p`.`parent_id`
GROUP BY `m`.`member_id`', [], false)
 2 SYSTEMPATH/Model.php(240): CodeIgniter\Database\BaseBuilder->get()
 3 SYSTEMPATH/BaseModel.php(618): CodeIgniter\Model->doFindAll(0, 0)
 4 APPPATH/Models/ParentsModel.php(50): CodeIgniter\BaseModel->findAll()
 5 APPPATH/Controllers/Home.php(41): App\Models\ParentsModel->get_members()
 6 SYSTEMPATH/CodeIgniter.php(934): App\Controllers\Home->get_data()
 7 SYSTEMPATH/CodeIgniter.php(499): CodeIgniter\CodeIgniter->runController(Object(App\Controllers\Home))
 8 SYSTEMPATH/CodeIgniter.php(368): CodeIgniter\CodeIgniter->handleRequest(null, Object(Config\Cache), false)
 9 FCPATH/index.php(67): CodeIgniter\CodeIgniter->run()
CRITICAL - 2023-01-24 10:17:27 --> Undefined array key "parent_id"
in APPPATH/Controllers/Home.php on line 46.
 1 APPPATH/Controllers/Home.php(46): CodeIgniter\Debug\Exceptions->errorHandler(2, 'Undefined array key "parent_id"', 'APPPATH/Controllers/Home.php', 46)
 2 SYSTEMPATH/CodeIgniter.php(934): App\Controllers\Home->get_data()
 3 SYSTEMPATH/CodeIgniter.php(499): CodeIgniter\CodeIgniter->runController(Object(App\Controllers\Home))
 4 SYSTEMPATH/CodeIgniter.php(368): CodeIgniter\CodeIgniter->handleRequest(null, Object(Config\Cache), false)
 5 FCPATH/index.php(67): CodeIgniter\CodeIgniter->run()
CRITICAL - 2023-01-24 10:17:39 --> Undefined array key "parent_id"
in APPPATH/Controllers/Home.php on line 46.
 1 APPPATH/Controllers/Home.php(46): CodeIgniter\Debug\Exceptions->errorHandler(2, 'Undefined array key "parent_id"', 'APPPATH/Controllers/Home.php', 46)
 2 SYSTEMPATH/CodeIgniter.php(934): App\Controllers\Home->get_data()
 3 SYSTEMPATH/CodeIgniter.php(499): CodeIgniter\CodeIgniter->runController(Object(App\Controllers\Home))
 4 SYSTEMPATH/CodeIgniter.php(368): CodeIgniter\CodeIgniter->handleRequest(null, Object(Config\Cache), false)
 5 FCPATH/index.php(67): CodeIgniter\CodeIgniter->run()
CRITICAL - 2023-01-24 10:18:08 --> Undefined array key "parent_id"
in APPPATH/Controllers/Home.php on line 48.
 1 APPPATH/Controllers/Home.php(48): CodeIgniter\Debug\Exceptions->errorHandler(2, 'Undefined array key "parent_id"', 'APPPATH/Controllers/Home.php', 48)
 2 SYSTEMPATH/CodeIgniter.php(934): App\Controllers\Home->get_data()
 3 SYSTEMPATH/CodeIgniter.php(499): CodeIgniter\CodeIgniter->runController(Object(App\Controllers\Home))
 4 SYSTEMPATH/CodeIgniter.php(368): CodeIgniter\CodeIgniter->handleRequest(null, Object(Config\Cache), false)
 5 FCPATH/index.php(67): CodeIgniter\CodeIgniter->run()
CRITICAL - 2023-01-24 10:19:28 --> Undefined array key "name"
in APPPATH/Controllers/Home.php on line 49.
 1 APPPATH/Controllers/Home.php(49): CodeIgniter\Debug\Exceptions->errorHandler(2, 'Undefined array key "name"', 'APPPATH/Controllers/Home.php', 49)
 2 SYSTEMPATH/CodeIgniter.php(934): App\Controllers\Home->get_data()
 3 SYSTEMPATH/CodeIgniter.php(499): CodeIgniter\CodeIgniter->runController(Object(App\Controllers\Home))
 4 SYSTEMPATH/CodeIgniter.php(368): CodeIgniter\CodeIgniter->handleRequest(null, Object(Config\Cache), false)
 5 FCPATH/index.php(67): CodeIgniter\CodeIgniter->run()
CRITICAL - 2023-01-24 10:20:14 --> Undefined array key "Jayesh"
in APPPATH/Controllers/Home.php on line 58.
 1 APPPATH/Controllers/Home.php(58): CodeIgniter\Debug\Exceptions->errorHandler(2, 'Undefined array key "Jayesh"', 'APPPATH/Controllers/Home.php', 58)
 2 SYSTEMPATH/CodeIgniter.php(934): App\Controllers\Home->get_data()
 3 SYSTEMPATH/CodeIgniter.php(499): CodeIgniter\CodeIgniter->runController(Object(App\Controllers\Home))
 4 SYSTEMPATH/CodeIgniter.php(368): CodeIgniter\CodeIgniter->handleRequest(null, Object(Config\Cache), false)
 5 FCPATH/index.php(67): CodeIgniter\CodeIgniter->run()
CRITICAL - 2023-01-24 10:35:08 --> CodeIgniter\BaseModel::findAll(): Argument #1 ($limit) must be of type int, string given, called in /Applications/MAMP/htdocs/jitendra/app/Controllers/Home.php on line 42
in SYSTEMPATH/BaseModel.php on line 601.
 1 APPPATH/Controllers/Home.php(42): CodeIgniter\BaseModel->findAll('name')
 2 SYSTEMPATH/CodeIgniter.php(934): App\Controllers\Home->get_data()
 3 SYSTEMPATH/CodeIgniter.php(499): CodeIgniter\CodeIgniter->runController(Object(App\Controllers\Home))
 4 SYSTEMPATH/CodeIgniter.php(368): CodeIgniter\CodeIgniter->handleRequest(null, Object(Config\Cache), false)
 5 FCPATH/index.php(67): CodeIgniter\CodeIgniter->run()
CRITICAL - 2023-01-24 10:35:12 --> CodeIgniter\BaseModel::findAll(): Argument #1 ($limit) must be of type int, string given, called in /Applications/MAMP/htdocs/jitendra/app/Controllers/Home.php on line 42
in SYSTEMPATH/BaseModel.php on line 601.
 1 APPPATH/Controllers/Home.php(42): CodeIgniter\BaseModel->findAll('name')
 2 SYSTEMPATH/CodeIgniter.php(934): App\Controllers\Home->get_data()
 3 SYSTEMPATH/CodeIgniter.php(499): CodeIgniter\CodeIgniter->runController(Object(App\Controllers\Home))
 4 SYSTEMPATH/CodeIgniter.php(368): CodeIgniter\CodeIgniter->handleRequest(null, Object(Config\Cache), false)
 5 FCPATH/index.php(67): CodeIgniter\CodeIgniter->run()
